<?xml version="1.0" encoding="UTF-8"?>
<!-- Generated by org.testng.reporters.JUnitXMLReporter -->
<testsuite ignored="0" hostname="DESKTOP-8BGUM45" failures="1" tests="1" name="Default test(failed)" time="11.846" errors="0" timestamp="2024-02-08T09:12:04 IST">
  <testcase classname="amazon_test.Amazon_IT_01" name="validationofloginage" time="11.8">
    <failure type="java.lang.AssertionError" message="expected [Online Shopping site in India: Shop Online for Mobiles, Books, Watches, Shoes and More - Amazon.in] but found [Authentication required]">
      <![CDATA[java.lang.AssertionError: expected [Online Shopping site in India: Shop Online for Mobiles, Books, Watches, Shoes and More - Amazon.in] but found [Authentication required]
at amazon_test.Amazon_IT_01.validationofloginage(Amazon_IT_01.java:26)
at java.base/java.util.ArrayList.forEach(ArrayList.java:1511)
... Removed 37 stack frames]]>
    </failure>
  </testcase> <!-- validationofloginage -->
</testsuite> <!-- Default test(failed) -->
